{"level":"error","message":"Error al intentar generar una nueva terminal. Column 'idCliente' cannot be null","timestamp":"2024-09-23T19:22:35.962Z"}
{"level":"error","message":"Error al intentar generar una nueva terminal. Column 'idCliente' cannot be null","timestamp":"2024-09-24T13:36:48.924Z"}
{"level":"error","message":"Error al intentar generar una nueva terminal. Column 'idCliente' cannot be null","timestamp":"2024-09-24T13:37:27.709Z"}
{"level":"error","message":"Error al intentar generar una nueva terminal. Column 'idCliente' cannot be null","timestamp":"2024-09-24T13:38:26.698Z"}
{"level":"error","message":"Error al intentar generar una nueva terminal. undefined","timestamp":"2024-09-24T13:39:17.431Z"}
{"level":"error","message":"Error al intentar generar una nueva terminal. undefined","timestamp":"2024-09-24T13:40:34.193Z"}
{"level":"error","message":"Error al intentar generar una nueva terminal. undefined","timestamp":"2024-09-24T13:42:09.194Z"}
{"level":"error","message":"Error al intentar generar una nueva terminal. undefined","timestamp":"2024-09-24T13:42:54.536Z"}
{"level":"error","message":"Error al intentar generar una nueva terminal. undefined","timestamp":"2024-09-24T13:43:33.835Z"}
{"level":"error","message":"Error al intentar generar una nueva terminal. undefined","timestamp":"2024-09-24T13:44:12.491Z"}
{"level":"error","message":"Error al intentar obtener la terminal del cliente. Unknown column 'habilitada' in 'field list'","timestamp":"2024-09-30T21:25:13.627Z"}
{"level":"error","message":"Error al intentar generar una nueva terminal. Table 'dbadminserver.cliente' doesn't exist","timestamp":"2024-09-30T21:41:22.536Z"}
{"level":"error","message":"Error al intentar generar una nueva terminal. You have an error in your SQL syntax; check the manual that corresponds to your MySQL server version for the right syntax to use near '?' at line 1","timestamp":"2024-09-30T21:49:04.012Z"}
{"level":"error","message":"Error al intentar generar una nueva terminal. Cannot read properties of undefined (reading 'id')","timestamp":"2024-09-30T21:50:47.597Z"}
{"level":"error","message":"Error al intentar generar una nueva terminal. Unknown column 'sincronizado' in 'field list'","timestamp":"2024-10-01T00:16:20.730Z"}
{"level":"error","message":"Error al intentar generar una nueva terminal. Table 'dbadminserver.cliente' doesn't exist","timestamp":"2024-10-03T15:26:45.752Z"}
{"level":"error","message":"Error al intentar obtener la versión de la aplicación 1 Unknown column 'link' in 'field list'","timestamp":"2024-10-08T12:22:09.495Z"}
{"level":"error","message":"Error al intentar generar una nueva app para el cliente. Column count doesn't match value count at row 1","timestamp":"2024-10-11T01:57:21.316Z"}
{"level":"error","message":"Error al intentar generar una nueva app para el cliente. Column 'mac' cannot be null","timestamp":"2024-10-11T12:42:27.677Z"}
{"level":"error","message":"Error al obtener el listado de clientes. Access denied for user 'root'@'localhost' (using password: YES)","timestamp":"2025-09-10T01:27:30.284Z"}
{"level":"error","message":"Error al obtener el listado de clientes. Access denied for user 'root'@'localhost' (using password: YES)","timestamp":"2025-09-10T01:27:30.289Z"}
{"level":"error","message":"Error al obtener el listado de clientes. Access denied for user 'root'@'localhost' (using password: NO)","timestamp":"2025-09-10T11:06:43.872Z"}
{"level":"error","message":"Error al obtener el listado de pagos para el cliente. You have an error in your SQL syntax; check the manual that corresponds to your MySQL server version for the right syntax to use near 'AND id DESC LIMIT 10 OFFSET 0' at line 1","timestamp":"2025-09-11T02:54:23.885Z"}
{"level":"error","message":"Error al obtener el listado de pagos para el cliente. You have an error in your SQL syntax; check the manual that corresponds to your MySQL server version for the right syntax to use near 'AND ORDER BY id DESC LIMIT 10 OFFSET 0' at line 1","timestamp":"2025-09-11T02:54:56.722Z"}
{"level":"error","message":"Error al intentar obtener el cliente con DNI undefined Access denied for user 'root'@'localhost' (using password: NO)","timestamp":"2025-09-11T11:36:36.610Z"}
{"level":"error","message":"Error al obtener el listado de pagos para el cliente. Access denied for user 'root'@'localhost' (using password: NO)","timestamp":"2025-09-11T11:36:36.617Z"}
{"level":"error","message":"Error al obtener el listado de clientes. Access denied for user 'root'@'localhost' (using password: NO)","timestamp":"2025-09-11T11:37:38.727Z"}
{"level":"error","message":"Error al intentar obtener las aplicaciones. Access denied for user 'adminserver'@'localhost' (using password: YES)","timestamp":"2025-09-21T16:43:09.664Z"}
{"level":"error","message":"Error al obtener el listado de clientes. Access denied for user 'adminserver'@'localhost' (using password: YES)","timestamp":"2025-09-21T16:43:11.919Z"}
{"level":"error","message":"Error al intentar agregar la actualizacion. Table 'dbadminserver.actualizaciones' doesn't exist","timestamp":"2025-09-26T04:21:27.422Z"}
{"level":"error","message":"Error al intentar agregar la actualizacion. Incorrect date value: '2025-09-26T04:22:25.805Z' for column 'fecha' at row 1","timestamp":"2025-09-26T04:22:25.842Z"}
{"level":"error","message":"Error al intentar agregar la actualizacion. Incorrect date value: '2025-09-26T04:24:08.790Z' for column 'fecha' at row 1","timestamp":"2025-09-26T04:24:09.069Z"}
{"level":"error","message":"Error al intentar agregar la actualizacion. Incorrect date value: '2025-09-26T04:24:33.577Z' for column 'fecha' at row 1","timestamp":"2025-09-26T04:24:33.592Z"}
{"level":"error","message":"Error al obtener el listado de pagos para el cliente. Unknown column 'dni' in 'where clause'","timestamp":"2025-09-26T12:46:30.121Z"}
{"level":"error","message":"Error al obtener el listado de pagos para el cliente. Unknown column 'dni' in 'where clause'","timestamp":"2025-09-26T12:47:04.650Z"}
{"level":"error","message":"Error al obtener el listado de pagos para el cliente. Column 'id' in order clause is ambiguous","timestamp":"2025-09-26T12:48:16.228Z"}
{"level":"error","message":"Error al obtener el listado de pagos para el cliente. Unknown column 'c.fecha' in 'order clause'","timestamp":"2025-09-26T12:49:02.795Z"}
{"level":"error","message":"Error al obtener la ultima version de la app. Access denied for user 'adminserver'@'localhost' (using password: YES)","timestamp":"2025-10-07T03:46:50.237Z"}
{"level":"error","message":"Error al intentar obtener el cliente con DNI 18052825 Cannot read properties of undefined (reading 'id')","timestamp":"2025-10-07T04:08:28.663Z"}
{"level":"error","message":"Error al intentar obtener el cliente con DNI 18052825 Cannot read properties of undefined (reading 'id')","timestamp":"2025-10-07T04:09:16.586Z"}
{"level":"error","message":"Error al intentar obtener el cliente con DNI 18052825 Cannot read properties of undefined (reading 'id')","timestamp":"2025-10-07T04:09:50.158Z"}
{"level":"error","message":"Error al intentar obtener el cliente con DNI 18052825 Cannot read properties of undefined (reading 'id')","timestamp":"2025-10-07T04:12:51.537Z"}
{"level":"error","message":"Error al intentar obtener las aplicaciones. Table 'dbadminserver.actualizacion' doesn't exist","timestamp":"2025-10-07T13:17:51.608Z"}
{"level":"error","message":"Error al intentar obtener las aplicaciones. Table 'dbadminserver.actualizacion' doesn't exist","timestamp":"2025-10-07T13:19:20.878Z"}
{"level":"error","message":"Error al intentar obtener las aplicaciones. Unknown column 'actualizacion.idApp' in 'where clause'","timestamp":"2025-10-07T13:20:02.491Z"}
{"level":"error","message":"Error al intentar obtener las aplicaciones. Expression #9 of SELECT list is not in GROUP BY clause and contains nonaggregated column 'dbadminserver.act.version' which is not functionally dependent on columns in GROUP BY clause; this is incompatible with sql_mode=only_full_group_by","timestamp":"2025-10-07T13:20:24.880Z"}
{"level":"error","message":"Error al intentar obtener las aplicaciones. Cannot read properties of undefined (reading 'version')","timestamp":"2025-10-07T13:28:50.903Z"}
{"level":"error","message":"Error al intentar obtener las aplicaciones. Cannot read properties of undefined (reading 'version')","timestamp":"2025-10-07T13:29:17.997Z"}
{"level":"error","message":"Error al intentar obtener las aplicaciones. Cannot read properties of undefined (reading 'version')","timestamp":"2025-10-07T13:29:33.328Z"}
{"level":"error","message":"Error al intentar obtener las aplicaciones. Cannot read properties of undefined (reading 'version')","timestamp":"2025-10-07T13:31:23.799Z"}
{"level":"error","message":"Error al intentar obtener las aplicaciones. Cannot read properties of undefined (reading 'version')","timestamp":"2025-10-07T13:33:05.744Z"}
